# JRE version: Java(TM) SE Runtime Environment (7.0_45-b18) (build 1.7.0_45-b18)
# Java VM: Java HotSpot(TM) Client VM (24.45-b08 mixed mode windows-x86 )
Heap
 def new generation   total 4928K, used 1289K [0x02ac0000, 0x03010000, 0x08010000)
  eden space 4416K,  17% used [0x02ac0000, 0x02b82440, 0x02f10000)
  from space 512K, 100% used [0x02f90000, 0x03010000, 0x03010000)
  to   space 512K,   0% used [0x02f10000, 0x02f10000, 0x02f90000)
 tenured generation   total 10944K, used 10406K [0x08010000, 0x08ac0000, 0x12ac0000)
   the space 10944K,  95% used [0x08010000, 0x08a39b90, 0x08a39c00, 0x08ac0000)
 compacting perm gen  total 12288K, used 11287K [0x12ac0000, 0x136c0000, 0x16ac0000)
   the space 12288K,  91% used [0x12ac0000, 0x135c5de0, 0x135c5e00, 0x136c0000)
GC Heap History (10 events):
Event: 7.108 GC heap before
{Heap before GC invocations=34 (full 0):
 def new generation   total 4928K, used 4589K [0x02ac0000, 0x03010000, 0x08010000)
  eden space 4416K, 100% used [0x02ac0000, 0x02f10000, 0x02f10000)
  from space 512K,  33% used [0x02f10000, 0x02f3b5a0, 0x02f90000)
  to   space 512K,   0% used [0x02f90000, 0x02f90000, 0x03010000)
 tenured generation   total 10944K, used 9996K [0x08010000, 0x08ac0000, 0x12ac0000)
   the space 10944K,  91% used [0x08010000, 0x089d30a8, 0x089d3200, 0x08ac0000)
 compacting perm gen  total 12288K, used 10732K [0x12ac0000, 0x136c0000, 0x16ac0000)
   the space 12288K,  87% used [0x12ac0000, 0x1353b360, 0x1353b400, 0x136c0000)
No shared spaces configured.
Event: 7.110 GC heap after
Heap after GC invocations=35 (full 0):
 def new generation   total 4928K, used 262K [0x02ac0000, 0x03010000, 0x08010000)
  eden space 4416K,   0% used [0x02ac0000, 0x02ac0000, 0x02f10000)
  from space 512K,  51% used [0x02f90000, 0x02fd1970, 0x03010000)
  to   space 512K,   0% used [0x02f10000, 0x02f10000, 0x02f90000)
 tenured generation   total 10944K, used 9996K [0x08010000, 0x08ac0000, 0x12ac0000)
   the space 10944K,  91% used [0x08010000, 0x089d30a8, 0x089d3200, 0x08ac0000)
 compacting perm gen  total 12288K, used 10732K [0x12ac0000, 0x136c0000, 0x16ac0000)
   the space 12288K,  87% used [0x12ac0000, 0x1353b360, 0x1353b400, 0x136c0000)
No shared spaces configured.
}
Event: 7.182 GC heap before
{Heap before GC invocations=35 (full 0):
 def new generation   total 4928K, used 4678K [0x02ac0000, 0x03010000, 0x08010000)
  eden space 4416K, 100% used [0x02ac0000, 0x02f10000, 0x02f10000)
  from space 512K,  51% used [0x02f90000, 0x02fd1970, 0x03010000)
  to   space 512K,   0% used [0x02f10000, 0x02f10000, 0x02f90000)
 tenured generation   total 10944K, used 9996K [0x08010000, 0x08ac0000, 0x12ac0000)
   the space 10944K,  91% used [0x08010000, 0x089d30a8, 0x089d3200, 0x08ac0000)
 compacting perm gen  total 12288K, used 10768K [0x12ac0000, 0x136c0000, 0x16ac0000)
   the space 12288K,  87% used [0x12ac0000, 0x13544058, 0x13544200, 0x136c0000)
No shared spaces configured.
Event: 7.185 GC heap after
Heap after GC invocations=36 (full 0):
 def new generation   total 4928K, used 194K [0x02ac0000, 0x03010000, 0x08010000)
  eden space 4416K,   0% used [0x02ac0000, 0x02ac0000, 0x02f10000)
  from space 512K,  38% used [0x02f10000, 0x02f40ae8, 0x02f90000)
  to   space 512K,   0% used [0x02f90000, 0x02f90000, 0x03010000)
 tenured generation   total 10944K, used 10053K [0x08010000, 0x08ac0000, 0x12ac0000)
   the space 10944K,  91% used [0x08010000, 0x089e1678, 0x089e1800, 0x08ac0000)
 compacting perm gen  total 12288K, used 10768K [0x12ac0000, 0x136c0000, 0x16ac0000)
   the space 12288K,  87% used [0x12ac0000, 0x13544058, 0x13544200, 0x136c0000)
No shared spaces configured.
}
Event: 7.254 GC heap before
{Heap before GC invocations=36 (full 0):
 def new generation   total 4928K, used 4610K [0x02ac0000, 0x03010000, 0x08010000)
  eden space 4416K, 100% used [0x02ac0000, 0x02f10000, 0x02f10000)
  from space 512K,  38% used [0x02f10000, 0x02f40ae8, 0x02f90000)
  to   space 512K,   0% used [0x02f90000, 0x02f90000, 0x03010000)
 tenured generation   total 10944K, used 10053K [0x08010000, 0x08ac0000, 0x12ac0000)
   the space 10944K,  91% used [0x08010000, 0x089e1678, 0x089e1800, 0x08ac0000)
 compacting perm gen  total 12288K, used 10850K [0x12ac0000, 0x136c0000, 0x16ac0000)
   the space 12288K,  88% used [0x12ac0000, 0x13558bc0, 0x13558c00, 0x136c0000)
No shared spaces configured.
Event: 7.257 GC heap after
Heap after GC invocations=37 (full 0):
 def new generation   total 4928K, used 220K [0x02ac0000, 0x03010000, 0x08010000)
  eden space 4416K,   0% used [0x02ac0000, 0x02ac0000, 0x02f10000)
  from space 512K,  43% used [0x02f90000, 0x02fc72e8, 0x03010000)
  to   space 512K,   0% used [0x02f10000, 0x02f10000, 0x02f90000)
 tenured generation   total 10944K, used 10053K [0x08010000, 0x08ac0000, 0x12ac0000)
   the space 10944K,  91% used [0x08010000, 0x089e1678, 0x089e1800, 0x08ac0000)
 compacting perm gen  total 12288K, used 10850K [0x12ac0000, 0x136c0000, 0x16ac0000)
   the space 12288K,  88% used [0x12ac0000, 0x13558bc0, 0x13558c00, 0x136c0000)
No shared spaces configured.
}
Event: 7.342 GC heap before
{Heap before GC invocations=37 (full 0):
 def new generation   total 4928K, used 4636K [0x02ac0000, 0x03010000, 0x08010000)
  eden space 4416K, 100% used [0x02ac0000, 0x02f10000, 0x02f10000)
  from space 512K,  43% used [0x02f90000, 0x02fc72e8, 0x03010000)
  to   space 512K,   0% used [0x02f10000, 0x02f10000, 0x02f90000)
 tenured generation   total 10944K, used 10053K [0x08010000, 0x08ac0000, 0x12ac0000)
   the space 10944K,  91% used [0x08010000, 0x089e1678, 0x089e1800, 0x08ac0000)
 compacting perm gen  total 12288K, used 10894K [0x12ac0000, 0x136c0000, 0x16ac0000)
   the space 12288K,  88% used [0x12ac0000, 0x13563a98, 0x13563c00, 0x136c0000)
No shared spaces configured.
Event: 7.344 GC heap after
Heap after GC invocations=38 (full 0):
 def new generation   total 4928K, used 311K [0x02ac0000, 0x03010000, 0x08010000)
  eden space 4416K,   0% used [0x02ac0000, 0x02ac0000, 0x02f10000)
  from space 512K,  60% used [0x02f10000, 0x02f5dc48, 0x02f90000)
  to   space 512K,   0% used [0x02f90000, 0x02f90000, 0x03010000)
 tenured generation   total 10944K, used 10053K [0x08010000, 0x08ac0000, 0x12ac0000)
   the space 10944K,  91% used [0x08010000, 0x089e1678, 0x089e1800, 0x08ac0000)
 compacting perm gen  total 12288K, used 10894K [0x12ac0000, 0x136c0000, 0x16ac0000)
   the space 12288K,  88% used [0x12ac0000, 0x13563a98, 0x13563c00, 0x136c0000)
No shared spaces configured.
}
Event: 16.840 GC heap before
{Heap before GC invocations=38 (full 0):
 def new generation   total 4928K, used 4727K [0x02ac0000, 0x03010000, 0x08010000)
  eden space 4416K, 100% used [0x02ac0000, 0x02f10000, 0x02f10000)
  from space 512K,  60% used [0x02f10000, 0x02f5dc48, 0x02f90000)
  to   space 512K,   0% used [0x02f90000, 0x02f90000, 0x03010000)
 tenured generation   total 10944K, used 10053K [0x08010000, 0x08ac0000, 0x12ac0000)
   the space 10944K,  91% used [0x08010000, 0x089e1678, 0x089e1800, 0x08ac0000)
 compacting perm gen  total 12288K, used 11200K [0x12ac0000, 0x136c0000, 0x16ac0000)
   the space 12288K,  91% used [0x12ac0000, 0x135b00b8, 0x135b0200, 0x136c0000)
No shared spaces configured.
Event: 16.843 GC heap after
Heap after GC invocations=39 (full 0):
 def new generation   total 4928K, used 512K [0x02ac0000, 0x03010000, 0x08010000)
  eden space 4416K,   0% used [0x02ac0000, 0x02ac0000, 0x02f10000)
  from space 512K, 100% used [0x02f90000, 0x03010000, 0x03010000)
  to   space 512K,   0% used [0x02f10000, 0x02f10000, 0x02f90000)
 tenured generation   total 10944K, used 10406K [0x08010000, 0x08ac0000, 0x12ac0000)
   the space 10944K,  95% used [0x08010000, 0x08a39b90, 0x08a39c00, 0x08ac0000)
 compacting perm gen  total 12288K, used 11200K [0x12ac0000, 0x136c0000, 0x16ac0000)
   the space 12288K,  91% used [0x12ac0000, 0x135b00b8, 0x135b0200, 0x136c0000)
No shared spaces configured.
}

